  freeglut_window.c
  freeglut_videoresize.c
  freeglut_teapot.c
  freeglut_structure.c
  freeglut_stroke_roman.c
  freeglut_stroke_mono_roman.c
  freeglut_state.c
  freeglut_spaceball.c
  freeglut_overlay.c
  freeglut_misc.c
  freeglut_menu.c
  freeglut_main.c
  freeglut_joystick.c
  freeglut_input_devices.c
  freeglut_init.c
  freeglut_glutfont_definitions.c
  freeglut_geometry.c
  freeglut_gamemode.c
  freeglut_font_data.c
  freeglut_font.c
  Generating Code...
  Compiling...
  freeglut_ext.c
  freeglut_display.c
  freeglut_cursor.c
  freeglut_callbacks.c
  Generating Code...
  FreeGLUT.vcxproj -> C:\Users\sboogaart\Documents\Projects\Tests\box2d\Box2D_v2.3.0\Box2D\Build\vs2012\bin\Debug\FreeGLUT.lib
