  b2WheelJoint.cpp
c:\users\sboogaart\documents\projects\tests\box2d\box2d_v2.3.0\box2d\box2d\dynamics\joints\b2wheeljoint.cpp(144): error C2220: warning treated as error - no 'object' file generated
c:\users\sboogaart\documents\projects\tests\box2d\box2d_v2.3.0\box2d\box2d\dynamics\joints\b2wheeljoint.cpp(144): warning C4456: declaration of 'd' hides previous local declaration
  c:\users\sboogaart\documents\projects\tests\box2d\box2d_v2.3.0\box2d\box2d\dynamics\joints\b2wheeljoint.cpp(106): note: see declaration of 'd'
  b2WeldJoint.cpp
  b2RopeJoint.cpp
  b2RevoluteJoint.cpp
  b2PulleyJoint.cpp
  b2PrismaticJoint.cpp
  b2MouseJoint.cpp
  b2MotorJoint.cpp
  b2Joint.cpp
  b2GearJoint.cpp
  b2FrictionJoint.cpp
  b2DistanceJoint.cpp
  b2PolygonContact.cpp
  b2PolygonAndCircleContact.cpp
  b2EdgeAndPolygonContact.cpp
  b2EdgeAndCircleContact.cpp
  b2ContactSolver.cpp
  b2Contact.cpp
  b2CircleContact.cpp
  b2ChainAndPolygonContact.cpp
  Generating Code...
  Compiling...
  b2ChainAndCircleContact.cpp
  b2WorldCallbacks.cpp
  b2World.cpp
  b2Island.cpp
c:\users\sboogaart\documents\projects\tests\box2d\box2d_v2.3.0\box2d\box2d\dynamics\b2island.cpp(315): error C2220: warning treated as error - no 'object' file generated
c:\users\sboogaart\documents\projects\tests\box2d\box2d_v2.3.0\box2d\box2d\dynamics\b2island.cpp(315): warning C4456: declaration of 'i' hides previous local declaration
  c:\users\sboogaart\documents\projects\tests\box2d\box2d_v2.3.0\box2d\box2d\dynamics\b2island.cpp(310): note: see declaration of 'i'
  b2Fixture.cpp
  b2ContactManager.cpp
  b2Body.cpp
  b2Timer.cpp
  b2StackAllocator.cpp
  b2Settings.cpp
  b2Math.cpp
  b2Draw.cpp
  b2BlockAllocator.cpp
  b2PolygonShape.cpp
  b2EdgeShape.cpp
  b2CircleShape.cpp
  b2ChainShape.cpp
  b2TimeOfImpact.cpp
  b2DynamicTree.cpp
  b2Distance.cpp
  Generating Code...
  Compiling...
  b2Collision.cpp
  b2CollidePolygon.cpp
  b2CollideEdge.cpp
  b2CollideCircle.cpp
c:\users\sboogaart\documents\projects\tests\box2d\box2d_v2.3.0\box2d\box2d\collision\b2collidecircle.cpp(141): error C2220: warning treated as error - no 'object' file generated
c:\users\sboogaart\documents\projects\tests\box2d\box2d_v2.3.0\box2d\box2d\collision\b2collidecircle.cpp(141): warning C4456: declaration of 'separation' hides previous local declaration
  c:\users\sboogaart\documents\projects\tests\box2d\box2d_v2.3.0\box2d\box2d\collision\b2collidecircle.cpp(64): note: see declaration of 'separation'
  b2BroadPhase.cpp
  Generating Code...
